<?xml version="1.0" encoding="UTF-8"?>
<!-- Generated by org.testng.reporters.JUnitReportReporter -->
<testsuite skipped="0" hostname="Gagans-MBP.attlocal.net" name="WayFair.Landing_PageTest" tests="2" failures="0" timestamp="2020-06-07T13:52:18 PDT" time="31.190" errors="0">
  <testcase name="pillow_validation" time="10.132" classname="WayFair.Landing_PageTest"/>
  <system-out/>
  <testcase name="itemSearching_Page" time="21.058" classname="WayFair.Landing_PageTest"/>
  <system-out/>
</testsuite> <!-- WayFair.Landing_PageTest -->
