<?xml version="1.0" encoding="UTF-8"?>
<!-- Generated by org.testng.reporters.JUnitReportReporter -->
<testsuite skipped="0" hostname="Gagans-MBP.attlocal.net" name="Academy.ApplicationTest" tests="4" failures="0" timestamp="2020-05-18T14:45:46 PDT" time="24.276" errors="0">
  <testcase name="HomePage" time="12.678" classname="Academy.ApplicationTest"/>
  <system-out/>
  <testcase name="clickonForgotPassword" time="3.087" classname="Academy.ApplicationTest"/>
  <system-out/>
  <testcase name="LoginPage" time="5.645" classname="Academy.ApplicationTest"/>
  <system-out/>
  <testcase name="LoginPage" time="2.866" classname="Academy.ApplicationTest"/>
  <system-out/>
</testsuite> <!-- Academy.ApplicationTest -->
