<?xml version="1.0" encoding="UTF-8"?>
<!-- Generated by org.testng.reporters.JUnitReportReporter -->
<testsuite skipped="0" hostname="Gagans-MBP.attlocal.net" name="Academy.Validatetitle_Test" tests="1" failures="0" timestamp="2020-05-18T14:45:46 PDT" time="7.783" errors="0">
  <testcase name="BasePageNavigation2" time="7.783" classname="Academy.Validatetitle_Test"/>
  <system-out/>
</testsuite> <!-- Academy.Validatetitle_Test -->
