<?xml version="1.0" encoding="UTF-8"?>
<!-- Generated by org.testng.reporters.JUnitReportReporter -->
<testsuite hostname="DESKTOP-VOMLJG4" failures="0" tests="2" name="com.qa.tests.GetAPITest" time="0.625" errors="0" timestamp="2021-08-03T15:57:36 PDT" skipped="0">
  <testcase classname="com.qa.tests.GetAPITest" name="getAPITestWithoutHeaders" time="0.552"/>
  <system-out/>
  <testcase classname="com.qa.tests.GetAPITest" name="getAPITestWithHeaders" time="0.073"/>
  <system-out/>
</testsuite> <!-- com.qa.tests.GetAPITest -->
