<?xml version="1.0" encoding="UTF-8"?>
<!-- Generated by org.testng.reporters.JUnitReportReporter -->
<testsuite hostname="DESKTOP-VOMLJG4" failures="0" tests="1" name="com.qa.tests.PostAPITest" time="0.914" errors="0" timestamp="2021-08-09T09:41:40 PDT" skipped="0">
  <testcase classname="com.qa.tests.PostAPITest" name="postAPITest" time="0.914"/>
  <system-out/>
</testsuite> <!-- com.qa.tests.PostAPITest -->
