<?xml version="1.0" encoding="UTF-8"?>
<!-- Generated by org.testng.reporters.JUnitReportReporter -->
<testsuite skipped="0" hostname="Gagans-MBP.attlocal.net" name="Beta.Demo1" tests="1" failures="0" timestamp="2020-06-02T18:12:38 PDT" time="0.001" errors="0">
  <testcase name="Log1" time="0.001" classname="Beta.Demo1"/>
  <system-out/>
</testsuite> <!-- Beta.Demo1 -->
