<?xml version="1.0" encoding="UTF-8"?>
<!-- Generated by org.testng.reporters.JUnitReportReporter -->
<testsuite skipped="0" hostname="Gagans-MBP.attlocal.net" name="qaclickacademy.RestAPITest" tests="2" failures="0" timestamp="2020-04-27T11:20:05 PDT" time="0.008" errors="0">
  <testcase name="DeleteTwitter" time="0.003" classname="qaclickacademy.RestAPITest"/>
  <system-out/>
  <testcase name="PostJira" time="0.005" classname="qaclickacademy.RestAPITest"/>
  <system-out/>
</testsuite> <!-- qaclickacademy.RestAPITest -->
