<?xml version="1.0" encoding="UTF-8"?>
<!-- Generated by org.testng.reporters.JUnitReportReporter -->
<testsuite hostname="DESKTOP-VOMLJG4" failures="0" tests="2" name="qaclickacademy.AppiumTest" time="0.010" errors="0" timestamp="2021-07-19T19:30:07 PDT" skipped="0">
  <testcase classname="qaclickacademy.AppiumTest" name="iOSApp" time="0.001"/>
  <system-out/>
  <testcase classname="qaclickacademy.AppiumTest" name="AndroidApp" time="0.009"/>
  <system-out/>
</testsuite> <!-- qaclickacademy.AppiumTest -->
