<?xml version="1.0" encoding="UTF-8"?>
<!-- Generated by org.testng.reporters.JUnitReportReporter -->
<testsuite skipped="0" hostname="Gagans-MBP.attlocal.net" name="qaclickacademy.SeleniumTest" tests="2" failures="0" timestamp="2020-04-27T11:20:13 PDT" time="0.006" errors="0">
  <testcase name="BrowserAutomation" time="0.004" classname="qaclickacademy.SeleniumTest"/>
  <system-out/>
  <testcase name="ElementsUI" time="0.002" classname="qaclickacademy.SeleniumTest"/>
  <system-out/>
</testsuite> <!-- qaclickacademy.SeleniumTest -->
