<?xml version="1.0" encoding="UTF-8"?>
<!-- Generated by org.testng.reporters.JUnitReportReporter -->
<testsuite skipped="0" hostname="Gagans-MBP.attlocal.net" name="POM_TestCase.LoginApplication" tests="1" failures="0" timestamp="2020-05-04T13:10:39 PDT" time="28.989" errors="0">
  <testcase name="rediff" time="28.989" classname="POM_TestCase.LoginApplication"/>
  <system-out/>
</testsuite> <!-- POM_TestCase.LoginApplication -->
