<?xml version="1.0" encoding="UTF-8"?>
<!-- Generated by org.testng.reporters.JUnitReportReporter -->
<testsuite skipped="0" hostname="Gagans-MBP.attlocal.net" name="ExcelDriven.DataDrivenTest" tests="1" failures="0" timestamp="2020-04-29T17:36:15 PDT" time="0.996" errors="0">
  <testcase name="GrabData" time="0.996" classname="ExcelDriven.DataDrivenTest"/>
  <system-out/>
</testsuite> <!-- ExcelDriven.DataDrivenTest -->
