<?xml version="1.0" encoding="UTF-8"?>
<!-- Generated by org.testng.reporters.JUnitReportReporter -->
<testsuite skipped="0" hostname="Gagans-MBP.attlocal.net" name="Academy.WebHomePage" tests="1" failures="0" timestamp="2020-05-04T18:35:37 PDT" time="6.516" errors="0">
  <testcase name="BasePageNavigation" time="6.516" classname="Academy.WebHomePage"/>
  <system-out/>
</testsuite> <!-- Academy.WebHomePage -->
