<?xml version="1.0" encoding="UTF-8"?>
<!-- Generated by org.testng.reporters.JUnitReportReporter -->
<testsuite skipped="0" hostname="Gagans-MBP.attlocal.net" name="Academy.ValidatetitleTest2" tests="1" failures="0" timestamp="2020-05-05T14:21:27 PDT" time="5.744" errors="0">
  <testcase name="BasePageNavigation2" time="5.744" classname="Academy.ValidatetitleTest2"/>
  <system-out/>
</testsuite> <!-- Academy.ValidatetitleTest2 -->
