<?xml version="1.0" encoding="UTF-8"?>
<!-- Generated by org.testng.reporters.JUnitReportReporter -->
<testsuite skipped="0" hostname="Gagans-MacBook-Pro.local" name="Academy.WebHomePageTest" tests="1" failures="0" timestamp="2020-05-05T08:17:18 PDT" time="5.459" errors="0">
  <testcase name="BasePageNavigation" time="5.459" classname="Academy.WebHomePageTest"/>
  <system-out/>
</testsuite> <!-- Academy.WebHomePageTest -->
