<?xml version="1.0" encoding="UTF-8"?>
<!-- Generated by org.testng.reporters.JUnitReportReporter -->
<testsuite hostname="DESKTOP-VOMLJG4" failures="0" tests="1" name="SumValidation" time="1.580" errors="0" timestamp="2021-08-11T13:21:44 PDT" skipped="0">
  <testcase classname="SumValidation" name="jsonSumValidation" time="1.580"/>
  <system-out/>
</testsuite> <!-- SumValidation -->
