<?xml version="1.0" encoding="UTF-8"?>
<!-- Generated by org.testng.reporters.JUnitReportReporter -->
<testsuite skipped="0" hostname="Gagans-MBP.attlocal.net" name="qaclickacademy.AppiumTest" tests="2" failures="0" timestamp="2020-04-27T11:21:45 PDT" time="0.006" errors="0">
  <testcase name="AndroidApp" time="0.005" classname="qaclickacademy.AppiumTest"/>
  <system-out/>
  <testcase name="iOSApp" time="0.001" classname="qaclickacademy.AppiumTest"/>
  <system-out/>
</testsuite> <!-- qaclickacademy.AppiumTest -->
