<?xml version="1.0" encoding="UTF-8"?>
<!-- Generated by org.testng.reporters.JUnitReportReporter -->
<testsuite skipped="0" hostname="Gagans-MacBook-Pro.local" name="test.day1" tests="1" failures="0" timestamp="2020-04-22T13:50:14 PDT" time="0.014" errors="0">
  <testcase name="Demo" time="0.014" classname="test.day1"/>
  <system-out/>
</testsuite> <!-- test.day1 -->
