<?xml version="1.0" encoding="UTF-8"?>
<!-- Generated by org.testng.reporters.JUnitReportReporter -->
<testsuite skipped="0" hostname="Gagans-MacBook-Pro.local" name="test.day1Test" tests="1" failures="0" timestamp="2020-04-22T13:49:59 PDT" time="0.012" errors="0">
  <testcase name="f" time="0.012" classname="test.day1Test"/>
  <system-out/>
</testsuite> <!-- test.day1Test -->
