<?xml version="1.0" encoding="UTF-8"?>
<!-- Generated by org.testng.reporters.JUnitReportReporter -->
<testsuite skipped="0" hostname="Gagans-MBP.attlocal.net" name="Extent_Reports.ApplicationTest" tests="1" failures="0" timestamp="2020-05-08T08:43:23 PDT" time="7.739" errors="0">
  <testcase name="ApplicatonTest" time="7.739" classname="Extent_Reports.ApplicationTest"/>
  <system-out/>
</testsuite> <!-- Extent_Reports.ApplicationTest -->
