<?xml version="1.0" encoding="UTF-8"?>
<!-- Generated by org.testng.reporters.JUnitReportReporter -->
<testsuite skipped="0" hostname="Gagans-MBP.attlocal.net" name="POM_TestCase.LoginApplicationTest" tests="1" failures="0" timestamp="2020-05-04T18:38:01 PDT" time="32.031" errors="0">
  <testcase name="rediff" time="32.031" classname="POM_TestCase.LoginApplicationTest"/>
  <system-out/>
</testsuite> <!-- POM_TestCase.LoginApplicationTest -->
