<?xml version="1.0" encoding="UTF-8"?>
<!-- Generated by org.testng.reporters.JUnitReportReporter -->
<testsuite skipped="0" hostname="Gagans-MBP.attlocal.net" name="Alpha.Demo" tests="1" failures="0" timestamp="2020-06-02T18:05:39 PDT" time="0.019" errors="0">
  <testcase name="Log1" time="0.019" classname="Alpha.Demo"/>
  <system-out/>
</testsuite> <!-- Alpha.Demo -->
